2024-12-03T00:19:46.5638556-03:00 0HN8J8KHQBNEB:0000000B [INF] Request starting HTTP/2 GET https://localhost:7070/api/BFA/GetHashesAll - - (ca22a1cb)
2024-12-03T00:19:46.5680407-03:00 0HN8J8KHQBNEB:0000000B [INF] Executing endpoint '"BFASenado.Controllers.BFAController.GetHashesAll (BFASenado)"' (500cc934)
2024-12-03T00:19:46.5682372-03:00 0HN8J8KHQBNEB:0000000B [INF] Route matched with "{action = \"GetHashesAll\", controller = \"BFA\"}". Executing controller action with signature "System.Threading.Tasks.Task`1[Microsoft.AspNetCore.Mvc.ActionResult`1[System.Collections.Generic.List`1[BFASenado.DTO.ResponseDTO.GetHashDTO]]] GetHashesAll()" on controller "BFASenado.Controllers.BFAController" ("BFASenado"). (122b2fdf)
2024-12-03T00:23:14.7252388-03:00  [INF] Now listening on: "https://localhost:7070" (d826f4b8)
2024-12-03T00:23:14.7308203-03:00  [INF] Now listening on: "http://localhost:5232" (d826f4b8)
2024-12-03T00:23:14.8862636-03:00  [INF] Application started. Press Ctrl+C to shut down. (dcaefe54)
2024-12-03T00:23:14.8901887-03:00  [INF] Hosting environment: "Development" (c3307c92)
2024-12-03T00:23:14.8936057-03:00  [INF] Content root path: "E:\PROYECTOS\BFA-API\" (b5d60022)
2024-12-03T00:23:15.3130268-03:00 0HN8J979FO8ET:00000001 [INF] Request starting HTTP/2 GET https://localhost:7070/swagger/index.html - - (ca22a1cb)
2024-12-03T00:23:15.5647173-03:00 0HN8J979FO8ET:00000001 [INF] Request finished HTTP/2 GET https://localhost:7070/swagger/index.html - - - 200 - text/html;charset=utf-8 256.6537ms (791a596a)
2024-12-03T00:23:15.5662058-03:00 0HN8J979FO8ET:00000003 [INF] Request starting HTTP/2 GET https://localhost:7070/_framework/aspnetcore-browser-refresh.js - - (ca22a1cb)
2024-12-03T00:23:15.5834631-03:00 0HN8J979FO8ET:00000005 [INF] Request starting HTTP/2 GET https://localhost:7070/_vs/browserLink - - (ca22a1cb)
2024-12-03T00:23:15.5869551-03:00 0HN8J979FO8ET:00000003 [INF] Request finished HTTP/2 GET https://localhost:7070/_framework/aspnetcore-browser-refresh.js - - - 200 13770 application/javascript;+charset=utf-8 20.8054ms (791a596a)
2024-12-03T00:23:15.6443931-03:00 0HN8J979FO8ET:00000005 [INF] Request finished HTTP/2 GET https://localhost:7070/_vs/browserLink - - - 200 - text/javascript;+charset=UTF-8 60.9046ms (791a596a)
2024-12-03T00:23:15.6807167-03:00 0HN8J979FO8ET:00000007 [INF] Request starting HTTP/2 GET https://localhost:7070/swagger/v1/swagger.json - - (ca22a1cb)
2024-12-03T00:23:15.6909954-03:00 0HN8J979FO8ET:00000007 [INF] Request finished HTTP/2 GET https://localhost:7070/swagger/v1/swagger.json - - - 200 - application/json;charset=utf-8 10.2790ms (791a596a)
2024-12-03T00:23:20.1330790-03:00 0HN8J979FO8ET:00000009 [INF] Request starting HTTP/2 GET https://localhost:7070/api/BFA/GetHashesAll - - (ca22a1cb)
2024-12-03T00:23:20.1679555-03:00 0HN8J979FO8ET:00000009 [INF] Executing endpoint '"BFASenado.Controllers.BFAController.GetHashesAll (BFASenado)"' (500cc934)
2024-12-03T00:23:20.1886298-03:00 0HN8J979FO8ET:00000009 [INF] Route matched with "{action = \"GetHashesAll\", controller = \"BFA\"}". Executing controller action with signature "System.Threading.Tasks.Task`1[Microsoft.AspNetCore.Mvc.ActionResult`1[System.Collections.Generic.List`1[BFASenado.DTO.ResponseDTO.GetHashDTO]]] GetHashesAll()" on controller "BFASenado.Controllers.BFAController" ("BFASenado"). (122b2fdf)
2024-12-03T00:23:48.9837548-03:00  [INF] Now listening on: "https://localhost:7070" (d826f4b8)
2024-12-03T00:23:48.9886555-03:00  [INF] Now listening on: "http://localhost:5232" (d826f4b8)
2024-12-03T00:23:49.1375903-03:00  [INF] Application started. Press Ctrl+C to shut down. (dcaefe54)
2024-12-03T00:23:49.1402576-03:00  [INF] Hosting environment: "Development" (c3307c92)
2024-12-03T00:23:49.1419376-03:00  [INF] Content root path: "E:\PROYECTOS\BFA-API\" (b5d60022)
2024-12-03T00:23:49.4930626-03:00 0HN8J97JLQ5P6:00000001 [INF] Request starting HTTP/2 GET https://localhost:7070/swagger/index.html - - (ca22a1cb)
2024-12-03T00:23:49.7857891-03:00 0HN8J97JLQ5P6:00000001 [INF] Request finished HTTP/2 GET https://localhost:7070/swagger/index.html - - - 200 - text/html;charset=utf-8 296.8646ms (791a596a)
2024-12-03T00:23:49.8013691-03:00 0HN8J97JLQ5P6:00000003 [INF] Request starting HTTP/2 GET https://localhost:7070/_framework/aspnetcore-browser-refresh.js - - (ca22a1cb)
2024-12-03T00:23:49.8062036-03:00 0HN8J97JLQ5P6:00000003 [INF] Request finished HTTP/2 GET https://localhost:7070/_framework/aspnetcore-browser-refresh.js - - - 200 13770 application/javascript;+charset=utf-8 4.7966ms (791a596a)
2024-12-03T00:23:49.8108714-03:00 0HN8J97JLQ5P6:00000005 [INF] Request starting HTTP/2 GET https://localhost:7070/_vs/browserLink - - (ca22a1cb)
2024-12-03T00:23:49.8758441-03:00 0HN8J97JLQ5P6:00000005 [INF] Request finished HTTP/2 GET https://localhost:7070/_vs/browserLink - - - 200 - text/javascript;+charset=UTF-8 64.9999ms (791a596a)
2024-12-03T00:23:49.9084807-03:00 0HN8J97JLQ5P6:00000007 [INF] Request starting HTTP/2 GET https://localhost:7070/swagger/v1/swagger.json - - (ca22a1cb)
2024-12-03T00:23:49.9174018-03:00 0HN8J97JLQ5P6:00000007 [INF] Request finished HTTP/2 GET https://localhost:7070/swagger/v1/swagger.json - - - 200 - application/json;charset=utf-8 8.9876ms (791a596a)
2024-12-03T00:23:56.3908161-03:00 0HN8J97JLQ5P6:00000009 [INF] Request starting HTTP/2 GET https://localhost:7070/api/BFA/GetHashesAll - - (ca22a1cb)
2024-12-03T00:23:56.4297911-03:00 0HN8J97JLQ5P6:00000009 [INF] Executing endpoint '"BFASenado.Controllers.BFAController.GetHashesAll (BFASenado)"' (500cc934)
2024-12-03T00:23:56.4524429-03:00 0HN8J97JLQ5P6:00000009 [INF] Route matched with "{action = \"GetHashesAll\", controller = \"BFA\"}". Executing controller action with signature "System.Threading.Tasks.Task`1[Microsoft.AspNetCore.Mvc.ActionResult`1[System.Collections.Generic.List`1[BFASenado.DTO.ResponseDTO.GetHashDTO]]] GetHashesAll()" on controller "BFASenado.Controllers.BFAController" ("BFASenado"). (122b2fdf)
2024-12-03T00:24:35.1471590-03:00  [INF] Now listening on: "https://localhost:7070" (d826f4b8)
2024-12-03T00:24:35.1519113-03:00  [INF] Now listening on: "http://localhost:5232" (d826f4b8)
2024-12-03T00:24:35.3262343-03:00  [INF] Application started. Press Ctrl+C to shut down. (dcaefe54)
2024-12-03T00:24:35.3288007-03:00  [INF] Hosting environment: "Development" (c3307c92)
2024-12-03T00:24:35.3304145-03:00  [INF] Content root path: "E:\PROYECTOS\BFA-API\" (b5d60022)
2024-12-03T00:24:35.5836891-03:00 0HN8J981CURN8:00000001 [INF] Request starting HTTP/2 GET https://localhost:7070/swagger/index.html - - (ca22a1cb)
2024-12-03T00:24:35.8897809-03:00 0HN8J981CURN8:00000001 [INF] Request finished HTTP/2 GET https://localhost:7070/swagger/index.html - - - 200 - text/html;charset=utf-8 311.4226ms (791a596a)
2024-12-03T00:24:35.8928196-03:00 0HN8J981CURN8:00000003 [INF] Request starting HTTP/2 GET https://localhost:7070/_framework/aspnetcore-browser-refresh.js - - (ca22a1cb)
2024-12-03T00:24:35.9057724-03:00 0HN8J981CURN8:00000003 [INF] Request finished HTTP/2 GET https://localhost:7070/_framework/aspnetcore-browser-refresh.js - - - 200 13770 application/javascript;+charset=utf-8 12.9972ms (791a596a)
2024-12-03T00:24:35.9097765-03:00 0HN8J981CURN8:00000005 [INF] Request starting HTTP/2 GET https://localhost:7070/_vs/browserLink - - (ca22a1cb)
2024-12-03T00:24:35.9658707-03:00 0HN8J981CURN8:00000005 [INF] Request finished HTTP/2 GET https://localhost:7070/_vs/browserLink - - - 200 - text/javascript;+charset=UTF-8 56.1641ms (791a596a)
2024-12-03T00:24:35.9959864-03:00 0HN8J981CURN8:00000007 [INF] Request starting HTTP/2 GET https://localhost:7070/swagger/v1/swagger.json - - (ca22a1cb)
2024-12-03T00:24:36.0026707-03:00 0HN8J981CURN8:00000007 [INF] Request finished HTTP/2 GET https://localhost:7070/swagger/v1/swagger.json - - - 200 - application/json;charset=utf-8 6.7524ms (791a596a)
2024-12-03T00:24:38.9847547-03:00 0HN8J981CURN8:00000009 [INF] Request starting HTTP/2 GET https://localhost:7070/api/BFA/GetHashesAll - - (ca22a1cb)
2024-12-03T00:24:39.0213973-03:00 0HN8J981CURN8:00000009 [INF] Executing endpoint '"BFASenado.Controllers.BFAController.GetHashesAll (BFASenado)"' (500cc934)
2024-12-03T00:24:39.0438050-03:00 0HN8J981CURN8:00000009 [INF] Route matched with "{action = \"GetHashesAll\", controller = \"BFA\"}". Executing controller action with signature "System.Threading.Tasks.Task`1[Microsoft.AspNetCore.Mvc.ActionResult`1[System.Collections.Generic.List`1[BFASenado.DTO.ResponseDTO.GetHashDTO]]] GetHashesAll()" on controller "BFASenado.Controllers.BFAController" ("BFASenado"). (122b2fdf)
2024-12-03T01:09:15.3926935-03:00  [INF] Now listening on: "https://localhost:7070" (d826f4b8)
2024-12-03T01:09:15.3986630-03:00  [INF] Now listening on: "http://localhost:5232" (d826f4b8)
2024-12-03T01:09:15.5810320-03:00  [INF] Application started. Press Ctrl+C to shut down. (dcaefe54)
2024-12-03T01:09:15.5861653-03:00  [INF] Hosting environment: "Development" (c3307c92)
2024-12-03T01:09:15.5910802-03:00  [INF] Content root path: "E:\PROYECTOS\BFA-API\" (b5d60022)
2024-12-03T01:09:15.9359123-03:00 0HN8JA106LSU3:00000001 [INF] Request starting HTTP/2 GET https://localhost:7070/swagger/index.html - - (ca22a1cb)
2024-12-03T01:09:16.1786151-03:00 0HN8JA106LSU3:00000001 [INF] Request finished HTTP/2 GET https://localhost:7070/swagger/index.html - - - 200 - text/html;charset=utf-8 249.0239ms (791a596a)
2024-12-03T01:09:16.1798078-03:00 0HN8JA106LSU3:00000003 [INF] Request starting HTTP/2 GET https://localhost:7070/_framework/aspnetcore-browser-refresh.js - - (ca22a1cb)
2024-12-03T01:09:16.1904926-03:00 0HN8JA106LSU3:00000003 [INF] Request finished HTTP/2 GET https://localhost:7070/_framework/aspnetcore-browser-refresh.js - - - 200 13770 application/javascript;+charset=utf-8 10.6631ms (791a596a)
2024-12-03T01:09:16.1961480-03:00 0HN8JA106LSU3:00000005 [INF] Request starting HTTP/2 GET https://localhost:7070/_vs/browserLink - - (ca22a1cb)
2024-12-03T01:09:16.2590669-03:00 0HN8JA106LSU3:00000005 [INF] Request finished HTTP/2 GET https://localhost:7070/_vs/browserLink - - - 200 - text/javascript;+charset=UTF-8 62.9502ms (791a596a)
2024-12-03T01:09:16.2874676-03:00 0HN8JA106LSU3:00000007 [INF] Request starting HTTP/2 GET https://localhost:7070/swagger/v1/swagger.json - - (ca22a1cb)
2024-12-03T01:09:16.2966227-03:00 0HN8JA106LSU3:00000007 [INF] Request finished HTTP/2 GET https://localhost:7070/swagger/v1/swagger.json - - - 200 - application/json;charset=utf-8 9.1508ms (791a596a)
2024-12-03T01:09:44.3178391-03:00 0HN8JA106LSU3:00000009 [INF] Request starting HTTP/2 POST https://localhost:7070/api/BFA/SaveHash application/json-patch+json 231441 (ca22a1cb)
2024-12-03T01:09:44.3779275-03:00 0HN8JA106LSU3:00000009 [INF] Executing endpoint '"BFASenado.Controllers.BFAController.SaveHash (BFASenado)"' (500cc934)
2024-12-03T01:09:44.4076667-03:00 0HN8JA106LSU3:00000009 [INF] Route matched with "{action = \"SaveHash\", controller = \"BFA\"}". Executing controller action with signature "System.Threading.Tasks.Task`1[Microsoft.AspNetCore.Mvc.ActionResult`1[BFASenado.DTO.ResponseDTO.GetHashDTO]] SaveHash(BFASenado.DTO.RequestDTO.GuardarHashDTO)" on controller "BFASenado.Controllers.BFAController" ("BFASenado"). (122b2fdf)
2024-12-03T01:09:47.1002846-03:00 0HN8JA106LSU3:00000009 [INF] Executed DbCommand ("119"ms) [Parameters=["@__hashSHA256_0='?' (Size = 100)"], CommandType='Text', CommandTimeout='30']"
""SELECT TOP(1) [t].[Id], [t].[Base64], [t].[Detalles], [t].[FechaAltaBFA], [t].[FechaAltaTabla], [t].[HashHexa], [t].[HashSHA256], [t].[IdTabla], [t].[NombreTabla], [t].[SnAltaBFA], [t].[TipoDocumento]
FROM [TransaccionBFA] AS [t]
WHERE [t].[HashSHA256] = @__hashSHA256_0" (0723d8ff)
2024-12-03T01:09:47.3956332-03:00 0HN8JA106LSU3:00000009 [WRN] Savepoints are disabled because Multiple Active Result Sets (MARS) is enabled. If 'SaveChanges' fails, then the transaction cannot be automatically rolled back to a known clean state. Instead, the transaction should be rolled back by the application before retrying 'SaveChanges'. See https://go.microsoft.com/fwlink/?linkid=2149338 for more information and examples. To identify the code which triggers this warning, call 'ConfigureWarnings(w => w.Throw(SqlServerEventId.SavepointsDisabledBecauseOfMARS))'. (f90d6462)
2024-12-03T01:09:47.4187661-03:00 0HN8JA106LSU3:00000009 [INF] Executed DbCommand ("14"ms) [Parameters=["@p0='?' (Size = -1) (DbType = AnsiString), @p1='?' (Size = 100), @p2='?' (DbType = DateTime), @p3='?' (DbType = DateTime), @p4='?' (Size = 100), @p5='?' (Size = 100), @p6='?' (DbType = Int64), @p7='?' (Size = 100), @p8='?' (DbType = Boolean), @p9='?' (Size = 100)"], CommandType='Text', CommandTimeout='30']"
""SET IMPLICIT_TRANSACTIONS OFF;
SET NOCOUNT ON;
INSERT INTO [TransaccionBFA] ([Base64], [Detalles], [FechaAltaBFA], [FechaAltaTabla], [HashHexa], [HashSHA256], [IdTabla], [NombreTabla], [SnAltaBFA], [TipoDocumento])
OUTPUT INSERTED.[Id]
VALUES (@p0, @p1, @p2, @p3, @p4, @p5, @p6, @p7, @p8, @p9);" (0723d8ff)
2024-12-03T01:09:47.6839526-03:00 0HN8JA106LSU3:00000009 [INF] LogDTO { Fecha: 12/03/2024 01:09:47, Endpoint: "/api/BFA/SaveHash", MetodoHttp: "POST", DatosRecibidos: "34fd54227df7a6291c1aa6a6615f927914cd40992ef90652a3faf74077908b1e", Mensaje: "Transacción guardada en la BFA correctamente", Detalles: null } (60b9aab8)
2024-12-03T01:09:47.7440531-03:00 0HN8JA106LSU3:00000009 [INF] Executed DbCommand ("1"ms) [Parameters=["@__hashSHA256_0='?' (Size = 100)"], CommandType='Text', CommandTimeout='30']"
""SELECT TOP(1) [t].[Id], [t].[Base64], [t].[Detalles], [t].[FechaAltaBFA], [t].[FechaAltaTabla], [t].[HashHexa], [t].[HashSHA256], [t].[IdTabla], [t].[NombreTabla], [t].[SnAltaBFA], [t].[TipoDocumento]
FROM [TransaccionBFA] AS [t]
WHERE [t].[HashSHA256] = @__hashSHA256_0" (0723d8ff)
2024-12-03T01:09:47.7827668-03:00 0HN8JA106LSU3:00000009 [INF] Executing "OkObjectResult", writing value of type '"BFASenado.DTO.ResponseDTO.GetHashDTO"'. (605b4265)
2024-12-03T01:09:47.8062712-03:00 0HN8JA106LSU3:00000009 [INF] Executed action "BFASenado.Controllers.BFAController.SaveHash (BFASenado)" in 3392.936ms (afa2e885)
2024-12-03T01:09:47.8072840-03:00 0HN8JA106LSU3:00000009 [INF] Executed endpoint '"BFASenado.Controllers.BFAController.SaveHash (BFASenado)"' (99874f2b)
2024-12-03T01:09:47.8356293-03:00 0HN8JA106LSU3:00000009 [INF] Request finished HTTP/2 POST https://localhost:7070/api/BFA/SaveHash application/json-patch+json 231441 - 200 251 application/json;+charset=utf-8 3517.7335ms (791a596a)
2024-12-03T01:09:53.4148214-03:00 0HN8JA106LSU3:0000000B [INF] Request starting HTTP/2 POST https://localhost:7070/api/BFA/SaveHash application/json-patch+json 231441 (ca22a1cb)
2024-12-03T01:09:53.4209902-03:00 0HN8JA106LSU3:0000000B [INF] Executing endpoint '"BFASenado.Controllers.BFAController.SaveHash (BFASenado)"' (500cc934)
2024-12-03T01:09:53.4212835-03:00 0HN8JA106LSU3:0000000B [INF] Route matched with "{action = \"SaveHash\", controller = \"BFA\"}". Executing controller action with signature "System.Threading.Tasks.Task`1[Microsoft.AspNetCore.Mvc.ActionResult`1[BFASenado.DTO.ResponseDTO.GetHashDTO]] SaveHash(BFASenado.DTO.RequestDTO.GuardarHashDTO)" on controller "BFASenado.Controllers.BFAController" ("BFASenado"). (122b2fdf)
2024-12-03T01:09:53.4737948-03:00 0HN8JA106LSU3:0000000B [INF] Executed DbCommand ("6"ms) [Parameters=["@__hashSHA256_0='?' (Size = 100)"], CommandType='Text', CommandTimeout='30']"
""SELECT TOP(1) [t].[Id], [t].[Base64], [t].[Detalles], [t].[FechaAltaBFA], [t].[FechaAltaTabla], [t].[HashHexa], [t].[HashSHA256], [t].[IdTabla], [t].[NombreTabla], [t].[SnAltaBFA], [t].[TipoDocumento]
FROM [TransaccionBFA] AS [t]
WHERE [t].[HashSHA256] = @__hashSHA256_0" (0723d8ff)
2024-12-03T01:09:53.4852487-03:00 0HN8JA106LSU3:0000000B [WRN] LogDTO { Fecha: 12/03/2024 01:09:53, Endpoint: "/api/BFA/SaveHash", MetodoHttp: "POST", DatosRecibidos: "34fd54227df7a6291c1aa6a6615f927914cd40992ef90652a3faf74077908b1e", Mensaje: "Intento de guardar un hash duplicado", Detalles: null } (60b9aab8)
2024-12-03T01:09:53.4855596-03:00 0HN8JA106LSU3:0000000B [INF] Executing "BadRequestObjectResult", writing value of type '"System.String"'. (605b4265)
2024-12-03T01:09:53.4858292-03:00 0HN8JA106LSU3:0000000B [INF] Executed action "BFASenado.Controllers.BFAController.SaveHash (BFASenado)" in 64.4743ms (afa2e885)
2024-12-03T01:09:53.4858764-03:00 0HN8JA106LSU3:0000000B [INF] Executed endpoint '"BFASenado.Controllers.BFAController.SaveHash (BFASenado)"' (99874f2b)
2024-12-03T01:09:53.4872179-03:00 0HN8JA106LSU3:0000000B [INF] Request finished HTTP/2 POST https://localhost:7070/api/BFA/SaveHash application/json-patch+json 231441 - 400 - text/plain;+charset=utf-8 72.3975ms (791a596a)
2024-12-03T01:10:11.5910865-03:00 0HN8JA106LSU3:0000000D [INF] Request starting HTTP/2 GET https://localhost:7070/api/BFA/GetHashBFA?hash=34fd54227df7a6291c1aa6a6615f927914cd40992ef90652a3faf74077908b1e - - (ca22a1cb)
2024-12-03T01:10:11.5914046-03:00 0HN8JA106LSU3:0000000D [INF] Executing endpoint '"BFASenado.Controllers.BFAController.GetHashBFA (BFASenado)"' (500cc934)
2024-12-03T01:10:11.5942973-03:00 0HN8JA106LSU3:0000000D [INF] Route matched with "{action = \"GetHashBFA\", controller = \"BFA\"}". Executing controller action with signature "System.Threading.Tasks.Task`1[Microsoft.AspNetCore.Mvc.ActionResult`1[BFASenado.DTO.ResponseDTO.GetHashDTO]] GetHashBFA(System.String)" on controller "BFASenado.Controllers.BFAController" ("BFASenado"). (122b2fdf)
2024-12-03T01:10:11.6289263-03:00 0HN8JA106LSU3:0000000D [INF] LogDTO { Fecha: 12/03/2024 01:10:11, Endpoint: "/api/BFA/GetHashBFA", MetodoHttp: "GET", DatosRecibidos: "34fd54227df7a6291c1aa6a6615f927914cd40992ef90652a3faf74077908b1e", Mensaje: "Hash obtenido correctamente", Detalles: null } (60b9aab8)
2024-12-03T01:10:11.6292402-03:00 0HN8JA106LSU3:0000000D [INF] Executing "OkObjectResult", writing value of type '"BFASenado.DTO.ResponseDTO.GetHashDTO"'. (605b4265)
2024-12-03T01:10:11.6295510-03:00 0HN8JA106LSU3:0000000D [INF] Executed action "BFASenado.Controllers.BFAController.GetHashBFA (BFASenado)" in 35.1959ms (afa2e885)
2024-12-03T01:10:11.6295973-03:00 0HN8JA106LSU3:0000000D [INF] Executed endpoint '"BFASenado.Controllers.BFAController.GetHashBFA (BFASenado)"' (99874f2b)
2024-12-03T01:10:11.6297600-03:00 0HN8JA106LSU3:0000000D [INF] Request finished HTTP/2 GET https://localhost:7070/api/BFA/GetHashBFA?hash=34fd54227df7a6291c1aa6a6615f927914cd40992ef90652a3faf74077908b1e - - - 200 251 application/json;+charset=utf-8 38.6697ms (791a596a)
2024-12-03T01:10:21.4247928-03:00 0HN8JA106LSU3:0000000F [INF] Request starting HTTP/2 GET https://localhost:7070/api/BFA/GetHashBFA?hash=0x34fd54227df7a6291c1aa6a6615f927914cd40992ef90652a3faf74077908b1e - - (ca22a1cb)
2024-12-03T01:10:21.4249117-03:00 0HN8JA106LSU3:0000000F [INF] Executing endpoint '"BFASenado.Controllers.BFAController.GetHashBFA (BFASenado)"' (500cc934)
2024-12-03T01:10:21.4249628-03:00 0HN8JA106LSU3:0000000F [INF] Route matched with "{action = \"GetHashBFA\", controller = \"BFA\"}". Executing controller action with signature "System.Threading.Tasks.Task`1[Microsoft.AspNetCore.Mvc.ActionResult`1[BFASenado.DTO.ResponseDTO.GetHashDTO]] GetHashBFA(System.String)" on controller "BFASenado.Controllers.BFAController" ("BFASenado"). (122b2fdf)
2024-12-03T01:10:21.4513061-03:00 0HN8JA106LSU3:0000000F [INF] LogDTO { Fecha: 12/03/2024 01:10:21, Endpoint: "/api/BFA/GetHashBFA", MetodoHttp: "GET", DatosRecibidos: "0x34fd54227df7a6291c1aa6a6615f927914cd40992ef90652a3faf74077908b1e", Mensaje: "Hash obtenido correctamente", Detalles: null } (60b9aab8)
2024-12-03T01:10:21.4515031-03:00 0HN8JA106LSU3:0000000F [INF] Executing "OkObjectResult", writing value of type '"BFASenado.DTO.ResponseDTO.GetHashDTO"'. (605b4265)
2024-12-03T01:10:21.4518021-03:00 0HN8JA106LSU3:0000000F [INF] Executed action "BFASenado.Controllers.BFAController.GetHashBFA (BFASenado)" in 26.8023ms (afa2e885)
2024-12-03T01:10:21.4518474-03:00 0HN8JA106LSU3:0000000F [INF] Executed endpoint '"BFASenado.Controllers.BFAController.GetHashBFA (BFASenado)"' (99874f2b)
2024-12-03T01:10:21.4520254-03:00 0HN8JA106LSU3:0000000F [INF] Request finished HTTP/2 GET https://localhost:7070/api/BFA/GetHashBFA?hash=0x34fd54227df7a6291c1aa6a6615f927914cd40992ef90652a3faf74077908b1e - - - 200 251 application/json;+charset=utf-8 27.2371ms (791a596a)
2024-12-03T01:10:34.3222920-03:00 0HN8JA106LSU3:00000011 [INF] Request starting HTTP/2 GET https://localhost:7070/api/BFA/GetHashBaseDatos?hash=34fd54227df7a6291c1aa6a6615f927914cd40992ef90652a3faf74077908b1e - - (ca22a1cb)
2024-12-03T01:10:34.3224187-03:00 0HN8JA106LSU3:00000011 [INF] Executing endpoint '"BFASenado.Controllers.BFAController.GetHashBaseDatos (BFASenado)"' (500cc934)
2024-12-03T01:10:34.3245719-03:00 0HN8JA106LSU3:00000011 [INF] Route matched with "{action = \"GetHashBaseDatos\", controller = \"BFA\"}". Executing controller action with signature "System.Threading.Tasks.Task`1[Microsoft.AspNetCore.Mvc.ActionResult`1[BFASenado.Models.TransaccionBFA]] GetHashBaseDatos(System.String)" on controller "BFASenado.Controllers.BFAController" ("BFASenado"). (122b2fdf)
2024-12-03T01:10:34.3691342-03:00 0HN8JA106LSU3:00000011 [INF] Executed DbCommand ("2"ms) [Parameters=["@__hashSHA256_0='?' (Size = 100)"], CommandType='Text', CommandTimeout='30']"
""SELECT TOP(1) [t].[Id], [t].[Base64], [t].[Detalles], [t].[FechaAltaBFA], [t].[FechaAltaTabla], [t].[HashHexa], [t].[HashSHA256], [t].[IdTabla], [t].[NombreTabla], [t].[SnAltaBFA], [t].[TipoDocumento]
FROM [TransaccionBFA] AS [t]
WHERE [t].[HashSHA256] = @__hashSHA256_0" (0723d8ff)
2024-12-03T01:10:34.3757924-03:00 0HN8JA106LSU3:00000011 [INF] LogDTO { Fecha: 12/03/2024 01:10:34, Endpoint: "/api/BFA/GetHashBaseDatos", MetodoHttp: "GET", DatosRecibidos: "34fd54227df7a6291c1aa6a6615f927914cd40992ef90652a3faf74077908b1e", Mensaje: "Hash obtenido correctamente", Detalles: null } (60b9aab8)
2024-12-03T01:10:34.3760483-03:00 0HN8JA106LSU3:00000011 [INF] Executing "OkObjectResult", writing value of type '"BFASenado.Models.TransaccionBFA"'. (605b4265)
2024-12-03T01:10:34.4063377-03:00 0HN8JA106LSU3:00000011 [INF] Executed action "BFASenado.Controllers.BFAController.GetHashBaseDatos (BFASenado)" in 81.7032ms (afa2e885)
2024-12-03T01:10:34.4064058-03:00 0HN8JA106LSU3:00000011 [INF] Executed endpoint '"BFASenado.Controllers.BFAController.GetHashBaseDatos (BFASenado)"' (99874f2b)
2024-12-03T01:10:34.4065591-03:00 0HN8JA106LSU3:00000011 [INF] Request finished HTTP/2 GET https://localhost:7070/api/BFA/GetHashBaseDatos?hash=34fd54227df7a6291c1aa6a6615f927914cd40992ef90652a3faf74077908b1e - - - 200 231584 application/json;+charset=utf-8 84.2821ms (791a596a)
2024-12-03T01:10:41.8790758-03:00 0HN8JA106LSU3:00000013 [INF] Request starting HTTP/2 GET https://localhost:7070/api/BFA/GetHashBaseDatos?hash=0x34fd54227df7a6291c1aa6a6615f927914cd40992ef90652a3faf74077908b1e - - (ca22a1cb)
2024-12-03T01:10:41.8791939-03:00 0HN8JA106LSU3:00000013 [INF] Executing endpoint '"BFASenado.Controllers.BFAController.GetHashBaseDatos (BFASenado)"' (500cc934)
2024-12-03T01:10:41.8792548-03:00 0HN8JA106LSU3:00000013 [INF] Route matched with "{action = \"GetHashBaseDatos\", controller = \"BFA\"}". Executing controller action with signature "System.Threading.Tasks.Task`1[Microsoft.AspNetCore.Mvc.ActionResult`1[BFASenado.Models.TransaccionBFA]] GetHashBaseDatos(System.String)" on controller "BFASenado.Controllers.BFAController" ("BFASenado"). (122b2fdf)
2024-12-03T01:10:41.8835155-03:00 0HN8JA106LSU3:00000013 [INF] Executed DbCommand ("1"ms) [Parameters=["@__hashSHA256_0='?' (Size = 100)"], CommandType='Text', CommandTimeout='30']"
""SELECT TOP(1) [t].[Id], [t].[Base64], [t].[Detalles], [t].[FechaAltaBFA], [t].[FechaAltaTabla], [t].[HashHexa], [t].[HashSHA256], [t].[IdTabla], [t].[NombreTabla], [t].[SnAltaBFA], [t].[TipoDocumento]
FROM [TransaccionBFA] AS [t]
WHERE [t].[HashSHA256] = @__hashSHA256_0" (0723d8ff)
2024-12-03T01:10:41.8863946-03:00 0HN8JA106LSU3:00000013 [WRN] LogDTO { Fecha: 12/03/2024 01:10:41, Endpoint: "/api/BFA/GetHashBaseDatos", MetodoHttp: "GET", DatosRecibidos: "0x34fd54227df7a6291c1aa6a6615f927914cd40992ef90652a3faf74077908b1e", Mensaje: "El hash no existe", Detalles: null } (60b9aab8)
2024-12-03T01:10:41.8865463-03:00 0HN8JA106LSU3:00000013 [INF] Executing "BadRequestObjectResult", writing value of type '"System.String"'. (605b4265)
2024-12-03T01:10:41.8866712-03:00 0HN8JA106LSU3:00000013 [INF] Executed action "BFASenado.Controllers.BFAController.GetHashBaseDatos (BFASenado)" in 7.3773ms (afa2e885)
2024-12-03T01:10:41.8867110-03:00 0HN8JA106LSU3:00000013 [INF] Executed endpoint '"BFASenado.Controllers.BFAController.GetHashBaseDatos (BFASenado)"' (99874f2b)
2024-12-03T01:10:41.8869312-03:00 0HN8JA106LSU3:00000013 [INF] Request finished HTTP/2 GET https://localhost:7070/api/BFA/GetHashBaseDatos?hash=0x34fd54227df7a6291c1aa6a6615f927914cd40992ef90652a3faf74077908b1e - - - 400 - text/plain;+charset=utf-8 7.8647ms (791a596a)
2024-12-03T01:10:49.5720919-03:00 0HN8JA106LSU3:00000015 [INF] Request starting HTTP/2 GET https://localhost:7070/api/BFA/GetHashesAll - - (ca22a1cb)
2024-12-03T01:10:49.5722207-03:00 0HN8JA106LSU3:00000015 [INF] Executing endpoint '"BFASenado.Controllers.BFAController.GetHashesAll (BFASenado)"' (500cc934)
2024-12-03T01:10:49.5743124-03:00 0HN8JA106LSU3:00000015 [INF] Route matched with "{action = \"GetHashesAll\", controller = \"BFA\"}". Executing controller action with signature "System.Threading.Tasks.Task`1[Microsoft.AspNetCore.Mvc.ActionResult`1[System.Collections.Generic.List`1[BFASenado.DTO.ResponseDTO.GetHashDTO]]] GetHashesAll()" on controller "BFASenado.Controllers.BFAController" ("BFASenado"). (122b2fdf)
2024-12-03T01:10:49.5830015-03:00 0HN8JA106LSU3:00000015 [INF] LogDTO { Fecha: 12/03/2024 01:10:49, Endpoint: "/api/BFA/GetHashesAll", MetodoHttp: "GET", DatosRecibidos: null, Mensaje: "El nodo de la BFA no está disponible. Error: NotFound - Not Found", Detalles: null } (60b9aab8)
2024-12-03T01:10:49.6507082-03:00 0HN8JA106LSU3:00000015 [ERR] LogDTO { Fecha: 12/03/2024 01:10:49, Endpoint: "/api/BFA/GetHashesAll", MetodoHttp: "GET", DatosRecibidos: null, Mensaje: "Error al obtener los hashes (sin filtro)", Detalles: "El nodo de la BFA no está disponible" } (60b9aab8)
2024-12-03T01:10:49.6509031-03:00 0HN8JA106LSU3:00000015 [INF] Executing "ObjectResult", writing value of type '"System.String"'. (605b4265)
2024-12-03T01:10:49.6510105-03:00 0HN8JA106LSU3:00000015 [INF] Executed action "BFASenado.Controllers.BFAController.GetHashesAll (BFASenado)" in 76.6489ms (afa2e885)
2024-12-03T01:10:49.6510403-03:00 0HN8JA106LSU3:00000015 [INF] Executed endpoint '"BFASenado.Controllers.BFAController.GetHashesAll (BFASenado)"' (99874f2b)
2024-12-03T01:10:49.6511471-03:00 0HN8JA106LSU3:00000015 [INF] Request finished HTTP/2 GET https://localhost:7070/api/BFA/GetHashesAll - - - 500 - text/plain;+charset=utf-8 79.0918ms (791a596a)
2024-12-03T01:25:07.4631959-03:00  [INF] Now listening on: "https://localhost:7070" (d826f4b8)
2024-12-03T01:25:07.4690203-03:00  [INF] Now listening on: "http://localhost:5232" (d826f4b8)
2024-12-03T01:25:07.6454003-03:00  [INF] Application started. Press Ctrl+C to shut down. (dcaefe54)
2024-12-03T01:25:07.6477326-03:00  [INF] Hosting environment: "Development" (c3307c92)
2024-12-03T01:25:07.6494419-03:00  [INF] Content root path: "E:\PROYECTOS\BFA-API\" (b5d60022)
2024-12-03T01:25:08.1649510-03:00 0HN8JA9S06MMQ:00000001 [INF] Request starting HTTP/2 GET https://localhost:7070/swagger/index.html - - (ca22a1cb)
2024-12-03T01:25:08.4162633-03:00 0HN8JA9S06MMQ:00000001 [INF] Request finished HTTP/2 GET https://localhost:7070/swagger/index.html - - - 200 - text/html;charset=utf-8 254.2966ms (791a596a)
2024-12-03T01:25:08.4166531-03:00 0HN8JA9S06MMQ:00000003 [INF] Request starting HTTP/2 GET https://localhost:7070/_framework/aspnetcore-browser-refresh.js - - (ca22a1cb)
2024-12-03T01:25:08.4270142-03:00 0HN8JA9S06MMQ:00000003 [INF] Request finished HTTP/2 GET https://localhost:7070/_framework/aspnetcore-browser-refresh.js - - - 200 13770 application/javascript;+charset=utf-8 10.3307ms (791a596a)
2024-12-03T01:25:08.4332008-03:00 0HN8JA9S06MMQ:00000005 [INF] Request starting HTTP/2 GET https://localhost:7070/_vs/browserLink - - (ca22a1cb)
2024-12-03T01:25:08.4840007-03:00 0HN8JA9S06MMQ:00000005 [INF] Request finished HTTP/2 GET https://localhost:7070/_vs/browserLink - - - 200 - text/javascript;+charset=UTF-8 50.7941ms (791a596a)
2024-12-03T01:25:08.5139344-03:00 0HN8JA9S06MMQ:00000007 [INF] Request starting HTTP/2 GET https://localhost:7070/swagger/v1/swagger.json - - (ca22a1cb)
2024-12-03T01:25:08.5206691-03:00 0HN8JA9S06MMQ:00000007 [INF] Request finished HTTP/2 GET https://localhost:7070/swagger/v1/swagger.json - - - 200 - application/json;charset=utf-8 6.7990ms (791a596a)
2024-12-03T01:25:25.5589190-03:00 0HN8JA9S06MMQ:00000009 [INF] Request starting HTTP/2 GET https://localhost:7070/api/BFA/GetHashBFA?hash=0x34fd54227df7a6291c1aa6a6615f927914cd40992ef90652a3faf74077908b1e - - (ca22a1cb)
2024-12-03T01:25:25.5936310-03:00 0HN8JA9S06MMQ:00000009 [INF] Executing endpoint '"BFASenado.Controllers.BFAController.GetHashBFA (BFASenado)"' (500cc934)
2024-12-03T01:25:25.6257097-03:00 0HN8JA9S06MMQ:00000009 [INF] Route matched with "{action = \"GetHashBFA\", controller = \"BFA\"}". Executing controller action with signature "System.Threading.Tasks.Task`1[Microsoft.AspNetCore.Mvc.ActionResult`1[BFASenado.DTO.ResponseDTO.GetHashDTO]] GetHashBFA(System.String)" on controller "BFASenado.Controllers.BFAController" ("BFASenado"). (122b2fdf)
2024-12-03T01:25:26.2208291-03:00 0HN8JA9S06MMQ:00000009 [INF] LogDTO { Fecha: 12/03/2024 01:25:26, Endpoint: "/api/BFA/GetHashBFA", MetodoHttp: "GET", DatosRecibidos: "0x34fd54227df7a6291c1aa6a6615f927914cd40992ef90652a3faf74077908b1e", Mensaje: "Hash obtenido correctamente", Detalles: null } (60b9aab8)
2024-12-03T01:25:26.2313478-03:00 0HN8JA9S06MMQ:00000009 [INF] Executing "OkObjectResult", writing value of type '"BFASenado.DTO.ResponseDTO.GetHashDTO"'. (605b4265)
2024-12-03T01:25:26.2509750-03:00 0HN8JA9S06MMQ:00000009 [INF] Executed action "BFASenado.Controllers.BFAController.GetHashBFA (BFASenado)" in 620.8616ms (afa2e885)
2024-12-03T01:25:26.2516621-03:00 0HN8JA9S06MMQ:00000009 [INF] Executed endpoint '"BFASenado.Controllers.BFAController.GetHashBFA (BFASenado)"' (99874f2b)
2024-12-03T01:25:26.2569392-03:00 0HN8JA9S06MMQ:00000009 [INF] Request finished HTTP/2 GET https://localhost:7070/api/BFA/GetHashBFA?hash=0x34fd54227df7a6291c1aa6a6615f927914cd40992ef90652a3faf74077908b1e - - - 200 251 application/json;+charset=utf-8 698.0111ms (791a596a)
2024-12-03T01:25:36.5929690-03:00 0HN8JA9S06MMQ:0000000B [INF] Request starting HTTP/2 GET https://localhost:7070/api/BFA/GetHashBaseDatos?hash=0x34fd54227df7a6291c1aa6a6615f927914cd40992ef90652a3faf74077908b1e - - (ca22a1cb)
2024-12-03T01:25:36.5944791-03:00 0HN8JA9S06MMQ:0000000B [INF] Executing endpoint '"BFASenado.Controllers.BFAController.GetHashBaseDatos (BFASenado)"' (500cc934)
2024-12-03T01:25:36.5973194-03:00 0HN8JA9S06MMQ:0000000B [INF] Route matched with "{action = \"GetHashBaseDatos\", controller = \"BFA\"}". Executing controller action with signature "System.Threading.Tasks.Task`1[Microsoft.AspNetCore.Mvc.ActionResult`1[BFASenado.Models.TransaccionBFA]] GetHashBaseDatos(System.String)" on controller "BFASenado.Controllers.BFAController" ("BFASenado"). (122b2fdf)
2024-12-03T01:25:38.0366283-03:00 0HN8JA9S06MMQ:0000000B [INF] Executed DbCommand ("78"ms) [Parameters=["@__hashSHA256_0='?' (Size = 100)"], CommandType='Text', CommandTimeout='30']"
""SELECT TOP(1) [t].[Id], [t].[Base64], [t].[Detalles], [t].[FechaAltaBFA], [t].[FechaAltaTabla], [t].[HashHexa], [t].[HashSHA256], [t].[IdTabla], [t].[NombreTabla], [t].[SnAltaBFA], [t].[TipoDocumento]
FROM [TransaccionBFA] AS [t]
WHERE [t].[HashSHA256] = @__hashSHA256_0" (0723d8ff)
2024-12-03T01:25:38.0940287-03:00 0HN8JA9S06MMQ:0000000B [WRN] LogDTO { Fecha: 12/03/2024 01:25:38, Endpoint: "/api/BFA/GetHashBaseDatos", MetodoHttp: "GET", DatosRecibidos: "0x34fd54227df7a6291c1aa6a6615f927914cd40992ef90652a3faf74077908b1e", Mensaje: "El hash no existe", Detalles: null } (60b9aab8)
2024-12-03T01:25:38.0942995-03:00 0HN8JA9S06MMQ:0000000B [INF] Executing "BadRequestObjectResult", writing value of type '"System.String"'. (605b4265)
2024-12-03T01:25:38.0944927-03:00 0HN8JA9S06MMQ:0000000B [INF] Executed action "BFASenado.Controllers.BFAController.GetHashBaseDatos (BFASenado)" in 1497.0763ms (afa2e885)
2024-12-03T01:25:38.0945316-03:00 0HN8JA9S06MMQ:0000000B [INF] Executed endpoint '"BFASenado.Controllers.BFAController.GetHashBaseDatos (BFASenado)"' (99874f2b)
2024-12-03T01:25:38.1121294-03:00 0HN8JA9S06MMQ:0000000B [INF] Request finished HTTP/2 GET https://localhost:7070/api/BFA/GetHashBaseDatos?hash=0x34fd54227df7a6291c1aa6a6615f927914cd40992ef90652a3faf74077908b1e - - - 400 - text/plain;+charset=utf-8 1519.1590ms (791a596a)
2024-12-03T01:27:12.3999018-03:00  [INF] Now listening on: "https://localhost:7070" (d826f4b8)
2024-12-03T01:27:12.4051499-03:00  [INF] Now listening on: "http://localhost:5232" (d826f4b8)
2024-12-03T01:27:12.5551997-03:00  [INF] Application started. Press Ctrl+C to shut down. (dcaefe54)
2024-12-03T01:27:12.5578799-03:00  [INF] Hosting environment: "Development" (c3307c92)
2024-12-03T01:27:12.5593135-03:00  [INF] Content root path: "E:\PROYECTOS\BFA-API\" (b5d60022)
2024-12-03T01:27:13.2004089-03:00 0HN8JAB17MBQG:00000001 [INF] Request starting HTTP/2 GET https://localhost:7070/swagger/index.html - - (ca22a1cb)
2024-12-03T01:27:13.4372766-03:00 0HN8JAB17MBQG:00000001 [INF] Request finished HTTP/2 GET https://localhost:7070/swagger/index.html - - - 200 - text/html;charset=utf-8 241.8475ms (791a596a)
2024-12-03T01:27:13.4382264-03:00 0HN8JAB17MBQG:00000003 [INF] Request starting HTTP/2 GET https://localhost:7070/_framework/aspnetcore-browser-refresh.js - - (ca22a1cb)
2024-12-03T01:27:13.4483287-03:00 0HN8JAB17MBQG:00000003 [INF] Request finished HTTP/2 GET https://localhost:7070/_framework/aspnetcore-browser-refresh.js - - - 200 13770 application/javascript;+charset=utf-8 10.0725ms (791a596a)
2024-12-03T01:27:13.4552318-03:00 0HN8JAB17MBQG:00000005 [INF] Request starting HTTP/2 GET https://localhost:7070/_vs/browserLink - - (ca22a1cb)
2024-12-03T01:27:13.5025456-03:00 0HN8JAB17MBQG:00000005 [INF] Request finished HTTP/2 GET https://localhost:7070/_vs/browserLink - - - 200 - text/javascript;+charset=UTF-8 47.4359ms (791a596a)
2024-12-03T01:27:13.5323099-03:00 0HN8JAB17MBQG:00000007 [INF] Request starting HTTP/2 GET https://localhost:7070/swagger/v1/swagger.json - - (ca22a1cb)
2024-12-03T01:27:13.5423018-03:00 0HN8JAB17MBQG:00000007 [INF] Request finished HTTP/2 GET https://localhost:7070/swagger/v1/swagger.json - - - 200 - application/json;charset=utf-8 9.9963ms (791a596a)
2024-12-03T01:27:36.4647051-03:00 0HN8JAB17MBQG:00000009 [INF] Request starting HTTP/2 GET https://localhost:7070/api/BFA/GetHashBaseDatos?hash=0x34fd54227df7a6291c1aa6a6615f927914cd40992ef90652a3faf74077908b1e - - (ca22a1cb)
2024-12-03T01:27:36.5051839-03:00 0HN8JAB17MBQG:00000009 [INF] Executing endpoint '"BFASenado.Controllers.BFAController.GetHashBaseDatos (BFASenado)"' (500cc934)
2024-12-03T01:27:36.5333417-03:00 0HN8JAB17MBQG:00000009 [INF] Route matched with "{action = \"GetHashBaseDatos\", controller = \"BFA\"}". Executing controller action with signature "System.Threading.Tasks.Task`1[Microsoft.AspNetCore.Mvc.ActionResult`1[BFASenado.Models.TransaccionBFA]] GetHashBaseDatos(System.String)" on controller "BFASenado.Controllers.BFAController" ("BFASenado"). (122b2fdf)
2024-12-03T01:27:38.1394731-03:00 0HN8JAB17MBQG:00000009 [INF] Executed DbCommand ("78"ms) [Parameters=["@__hashSHA256_0='?' (Size = 100)"], CommandType='Text', CommandTimeout='30']"
""SELECT TOP(1) [t].[Id], [t].[Base64], [t].[Detalles], [t].[FechaAltaBFA], [t].[FechaAltaTabla], [t].[HashHexa], [t].[HashSHA256], [t].[IdTabla], [t].[NombreTabla], [t].[SnAltaBFA], [t].[TipoDocumento]
FROM [TransaccionBFA] AS [t]
WHERE [t].[HashSHA256] = @__hashSHA256_0" (0723d8ff)
2024-12-03T01:27:38.2717734-03:00 0HN8JAB17MBQG:00000009 [INF] LogDTO { Fecha: 12/03/2024 01:27:38, Endpoint: "/api/BFA/GetHashBaseDatos", MetodoHttp: "GET", DatosRecibidos: "34fd54227df7a6291c1aa6a6615f927914cd40992ef90652a3faf74077908b1e", Mensaje: "Hash obtenido correctamente", Detalles: null } (60b9aab8)
2024-12-03T01:27:38.2827945-03:00 0HN8JAB17MBQG:00000009 [INF] Executing "OkObjectResult", writing value of type '"BFASenado.Models.TransaccionBFA"'. (605b4265)
2024-12-03T01:27:38.4373397-03:00 0HN8JAB17MBQG:00000009 [INF] Executed action "BFASenado.Controllers.BFAController.GetHashBaseDatos (BFASenado)" in 1898.3528ms (afa2e885)
2024-12-03T01:27:38.4381415-03:00 0HN8JAB17MBQG:00000009 [INF] Executed endpoint '"BFASenado.Controllers.BFAController.GetHashBaseDatos (BFASenado)"' (99874f2b)
2024-12-03T01:27:38.4541158-03:00 0HN8JAB17MBQG:00000009 [INF] Request finished HTTP/2 GET https://localhost:7070/api/BFA/GetHashBaseDatos?hash=0x34fd54227df7a6291c1aa6a6615f927914cd40992ef90652a3faf74077908b1e - - - 200 231584 application/json;+charset=utf-8 1989.4436ms (791a596a)
2024-12-03T01:28:02.0994325-03:00 0HN8JAB17MBQG:0000000B [INF] Request starting HTTP/2 POST https://localhost:7070/api/BFA/SaveHash application/json-patch+json 231441 (ca22a1cb)
2024-12-03T01:28:02.1149123-03:00 0HN8JAB17MBQG:0000000B [INF] Executing endpoint '"BFASenado.Controllers.BFAController.SaveHash (BFASenado)"' (500cc934)
2024-12-03T01:28:02.1228217-03:00 0HN8JAB17MBQG:0000000B [INF] Route matched with "{action = \"SaveHash\", controller = \"BFA\"}". Executing controller action with signature "System.Threading.Tasks.Task`1[Microsoft.AspNetCore.Mvc.ActionResult`1[BFASenado.DTO.ResponseDTO.GetHashDTO]] SaveHash(BFASenado.DTO.RequestDTO.GuardarHashDTO)" on controller "BFASenado.Controllers.BFAController" ("BFASenado"). (122b2fdf)
2024-12-03T01:28:02.5407902-03:00 0HN8JAB17MBQG:0000000B [INF] Executed DbCommand ("2"ms) [Parameters=["@__hashSHA256_0='?' (Size = 100)"], CommandType='Text', CommandTimeout='30']"
""SELECT TOP(1) [t].[Id], [t].[Base64], [t].[Detalles], [t].[FechaAltaBFA], [t].[FechaAltaTabla], [t].[HashHexa], [t].[HashSHA256], [t].[IdTabla], [t].[NombreTabla], [t].[SnAltaBFA], [t].[TipoDocumento]
FROM [TransaccionBFA] AS [t]
WHERE [t].[HashSHA256] = @__hashSHA256_0" (0723d8ff)
2024-12-03T01:28:02.5528392-03:00 0HN8JAB17MBQG:0000000B [WRN] LogDTO { Fecha: 12/03/2024 01:28:02, Endpoint: "/api/BFA/SaveHash", MetodoHttp: "POST", DatosRecibidos: "34fd54227df7a6291c1aa6a6615f927914cd40992ef90652a3faf74077908b1e", Mensaje: "Intento de guardar un hash duplicado", Detalles: null } (60b9aab8)
2024-12-03T01:28:02.5530855-03:00 0HN8JAB17MBQG:0000000B [INF] Executing "BadRequestObjectResult", writing value of type '"System.String"'. (605b4265)
2024-12-03T01:28:02.5532759-03:00 0HN8JAB17MBQG:0000000B [INF] Executed action "BFASenado.Controllers.BFAController.SaveHash (BFASenado)" in 430.3897ms (afa2e885)
2024-12-03T01:28:02.5533206-03:00 0HN8JAB17MBQG:0000000B [INF] Executed endpoint '"BFASenado.Controllers.BFAController.SaveHash (BFASenado)"' (99874f2b)
2024-12-03T01:28:02.5550454-03:00 0HN8JAB17MBQG:0000000B [INF] Request finished HTTP/2 POST https://localhost:7070/api/BFA/SaveHash application/json-patch+json 231441 - 400 - text/plain;+charset=utf-8 455.6755ms (791a596a)
2024-12-03T01:28:13.5518088-03:00 0HN8JAB17MBQG:0000000D [INF] Request starting HTTP/2 POST https://localhost:7070/api/BFA/SaveHash application/json-patch+json 231443 (ca22a1cb)
2024-12-03T01:28:13.5569966-03:00 0HN8JAB17MBQG:0000000D [INF] Executing endpoint '"BFASenado.Controllers.BFAController.SaveHash (BFASenado)"' (500cc934)
2024-12-03T01:28:13.5571448-03:00 0HN8JAB17MBQG:0000000D [INF] Route matched with "{action = \"SaveHash\", controller = \"BFA\"}". Executing controller action with signature "System.Threading.Tasks.Task`1[Microsoft.AspNetCore.Mvc.ActionResult`1[BFASenado.DTO.ResponseDTO.GetHashDTO]] SaveHash(BFASenado.DTO.RequestDTO.GuardarHashDTO)" on controller "BFASenado.Controllers.BFAController" ("BFASenado"). (122b2fdf)
2024-12-03T01:28:13.5687897-03:00 0HN8JAB17MBQG:0000000D [INF] Executing "BadRequestObjectResult", writing value of type '"Microsoft.AspNetCore.Mvc.ValidationProblemDetails"'. (605b4265)
2024-12-03T01:28:13.5863874-03:00 0HN8JAB17MBQG:0000000D [INF] Executed action "BFASenado.Controllers.BFAController.SaveHash (BFASenado)" in 29.1733ms (afa2e885)
2024-12-03T01:28:13.5864577-03:00 0HN8JAB17MBQG:0000000D [INF] Executed endpoint '"BFASenado.Controllers.BFAController.SaveHash (BFASenado)"' (99874f2b)
2024-12-03T01:28:13.5869598-03:00 0HN8JAB17MBQG:0000000D [INF] Request finished HTTP/2 POST https://localhost:7070/api/BFA/SaveHash application/json-patch+json 231443 - 400 291 application/problem+json;+charset=utf-8 35.1456ms (791a596a)
2024-12-03T01:28:30.3771274-03:00 0HN8JAB17MBQG:0000000F [INF] Request starting HTTP/2 GET https://localhost:7070/api/BFA/GetHashesAll - - (ca22a1cb)
2024-12-03T01:28:30.3772708-03:00 0HN8JAB17MBQG:0000000F [INF] Executing endpoint '"BFASenado.Controllers.BFAController.GetHashesAll (BFASenado)"' (500cc934)
2024-12-03T01:28:30.3804558-03:00 0HN8JAB17MBQG:0000000F [INF] Route matched with "{action = \"GetHashesAll\", controller = \"BFA\"}". Executing controller action with signature "System.Threading.Tasks.Task`1[Microsoft.AspNetCore.Mvc.ActionResult`1[System.Collections.Generic.List`1[BFASenado.DTO.ResponseDTO.GetHashDTO]]] GetHashesAll()" on controller "BFASenado.Controllers.BFAController" ("BFASenado"). (122b2fdf)
2024-12-03T01:28:30.5163879-03:00 0HN8JAB17MBQG:0000000F [ERR] LogDTO { Fecha: 12/03/2024 01:28:30, Endpoint: "/api/BFA/GetHashesAll", MetodoHttp: "GET", DatosRecibidos: null, Mensaje: "Error al obtener los hashes (sin filtro)", Detalles: "An error occurred encoding abi value. Order: '1', Type: 'uint256', Value: '72493576648862285505564293865337808624201418173955979620182521239962939182008042629922828696'.  Ensure the value is valid for the abi type." } (60b9aab8)
2024-12-03T01:28:30.5166949-03:00 0HN8JAB17MBQG:0000000F [INF] Executing "ObjectResult", writing value of type '"System.String"'. (605b4265)
2024-12-03T01:28:30.5169146-03:00 0HN8JAB17MBQG:0000000F [INF] Executed action "BFASenado.Controllers.BFAController.GetHashesAll (BFASenado)" in 136.3693ms (afa2e885)
2024-12-03T01:28:30.5169743-03:00 0HN8JAB17MBQG:0000000F [INF] Executed endpoint '"BFASenado.Controllers.BFAController.GetHashesAll (BFASenado)"' (99874f2b)
2024-12-03T01:28:30.5172477-03:00 0HN8JAB17MBQG:0000000F [INF] Request finished HTTP/2 GET https://localhost:7070/api/BFA/GetHashesAll - - - 500 - text/plain;+charset=utf-8 140.0477ms (791a596a)
2024-12-03T01:29:46.6561133-03:00  [INF] Now listening on: "https://localhost:7070" (d826f4b8)
2024-12-03T01:29:46.6617529-03:00  [INF] Now listening on: "http://localhost:5232" (d826f4b8)
2024-12-03T01:29:46.9471080-03:00  [INF] Application started. Press Ctrl+C to shut down. (dcaefe54)
2024-12-03T01:29:46.9502982-03:00  [INF] Hosting environment: "Development" (c3307c92)
2024-12-03T01:29:46.9523120-03:00  [INF] Content root path: "E:\PROYECTOS\BFA-API\" (b5d60022)
2024-12-03T01:29:46.9839622-03:00 0HN8JACF35ECM:00000001 [INF] Request starting HTTP/2 GET https://localhost:7070/swagger/index.html - - (ca22a1cb)
2024-12-03T01:29:47.2207121-03:00 0HN8JACF35ECM:00000001 [INF] Request finished HTTP/2 GET https://localhost:7070/swagger/index.html - - - 200 - text/html;charset=utf-8 241.5944ms (791a596a)
2024-12-03T01:29:47.2276628-03:00 0HN8JACF35ECM:00000003 [INF] Request starting HTTP/2 GET https://localhost:7070/_framework/aspnetcore-browser-refresh.js - - (ca22a1cb)
2024-12-03T01:29:47.2311092-03:00 0HN8JACF35ECM:00000003 [INF] Request finished HTTP/2 GET https://localhost:7070/_framework/aspnetcore-browser-refresh.js - - - 200 13770 application/javascript;+charset=utf-8 3.4562ms (791a596a)
2024-12-03T01:29:47.2374766-03:00 0HN8JACF35ECM:00000005 [INF] Request starting HTTP/2 GET https://localhost:7070/_vs/browserLink - - (ca22a1cb)
2024-12-03T01:29:47.3164356-03:00 0HN8JACF35ECM:00000005 [INF] Request finished HTTP/2 GET https://localhost:7070/_vs/browserLink - - - 200 - text/javascript;+charset=UTF-8 78.9217ms (791a596a)
2024-12-03T01:29:47.3477756-03:00 0HN8JACF35ECM:00000007 [INF] Request starting HTTP/2 GET https://localhost:7070/swagger/v1/swagger.json - - (ca22a1cb)
2024-12-03T01:29:47.3554456-03:00 0HN8JACF35ECM:00000007 [INF] Request finished HTTP/2 GET https://localhost:7070/swagger/v1/swagger.json - - - 200 - application/json;charset=utf-8 7.6731ms (791a596a)
2024-12-03T01:29:50.7246496-03:00 0HN8JACF35ECM:00000009 [INF] Request starting HTTP/2 GET https://localhost:7070/api/BFA/GetHashesAll - - (ca22a1cb)
2024-12-03T01:29:50.7568581-03:00 0HN8JACF35ECM:00000009 [INF] Executing endpoint '"BFASenado.Controllers.BFAController.GetHashesAll (BFASenado)"' (500cc934)
2024-12-03T01:29:50.7773568-03:00 0HN8JACF35ECM:00000009 [INF] Route matched with "{action = \"GetHashesAll\", controller = \"BFA\"}". Executing controller action with signature "System.Threading.Tasks.Task`1[Microsoft.AspNetCore.Mvc.ActionResult`1[System.Collections.Generic.List`1[BFASenado.DTO.ResponseDTO.GetHashDTO]]] GetHashesAll()" on controller "BFASenado.Controllers.BFAController" ("BFASenado"). (122b2fdf)
2024-12-03T01:29:51.3763776-03:00 0HN8JACF35ECM:00000009 [INF] LogDTO { Fecha: 12/03/2024 01:29:51, Endpoint: "/api/BFA/GetHashesAll", MetodoHttp: "GET", DatosRecibidos: null, Mensaje: "Hashes obtenidos correctamente (sin filtro)", Detalles: null } (60b9aab8)
2024-12-03T01:29:51.3868665-03:00 0HN8JACF35ECM:00000009 [INF] Executing "OkObjectResult", writing value of type '"System.Collections.Generic.List`1[[BFASenado.DTO.ResponseDTO.GetHashDTO, BFASenado, Version=1.0.0.0, Culture=neutral, PublicKeyToken=null]]"'. (605b4265)
2024-12-03T01:29:51.4135577-03:00 0HN8JACF35ECM:00000009 [INF] Executed action "BFASenado.Controllers.BFAController.GetHashesAll (BFASenado)" in 631.7484ms (afa2e885)
2024-12-03T01:29:51.4142620-03:00 0HN8JACF35ECM:00000009 [INF] Executed endpoint '"BFASenado.Controllers.BFAController.GetHashesAll (BFASenado)"' (99874f2b)
2024-12-03T01:29:51.4196405-03:00 0HN8JACF35ECM:00000009 [INF] Request finished HTTP/2 GET https://localhost:7070/api/BFA/GetHashesAll - - - 200 253 application/json;+charset=utf-8 695.0557ms (791a596a)
2024-12-03T01:31:36.9985525-03:00 0HN8JACF35ECM:0000000B [INF] Request starting HTTP/2 GET https://localhost:7070/api/BFA/GetHashesAll - - (ca22a1cb)
2024-12-03T01:31:37.0050119-03:00 0HN8JACF35ECM:0000000B [INF] Executing endpoint '"BFASenado.Controllers.BFAController.GetHashesAll (BFASenado)"' (500cc934)
2024-12-03T01:31:37.0103272-03:00 0HN8JACF35ECM:0000000B [INF] Route matched with "{action = \"GetHashesAll\", controller = \"BFA\"}". Executing controller action with signature "System.Threading.Tasks.Task`1[Microsoft.AspNetCore.Mvc.ActionResult`1[System.Collections.Generic.List`1[BFASenado.DTO.ResponseDTO.GetHashDTO]]] GetHashesAll()" on controller "BFASenado.Controllers.BFAController" ("BFASenado"). (122b2fdf)
2024-12-03T01:35:17.8367240-03:00 0HN8JACF35ECM:0000000B [INF] LogDTO { Fecha: 12/03/2024 01:35:17, Endpoint: "/api/BFA/GetHashesAll", MetodoHttp: "GET", DatosRecibidos: null, Mensaje: "Hashes obtenidos correctamente (sin filtro)", Detalles: null } (60b9aab8)
2024-12-03T01:35:17.8370419-03:00 0HN8JACF35ECM:0000000B [INF] Executing "OkObjectResult", writing value of type '"System.Collections.Generic.List`1[[BFASenado.DTO.ResponseDTO.GetHashDTO, BFASenado, Version=1.0.0.0, Culture=neutral, PublicKeyToken=null]]"'. (605b4265)
2024-12-03T01:35:17.8373957-03:00 0HN8JACF35ECM:0000000B [INF] Executed action "BFASenado.Controllers.BFAController.GetHashesAll (BFASenado)" in 220827.0015ms (afa2e885)
2024-12-03T01:35:17.8374434-03:00 0HN8JACF35ECM:0000000B [INF] Executed endpoint '"BFASenado.Controllers.BFAController.GetHashesAll (BFASenado)"' (99874f2b)
2024-12-03T01:35:17.8376308-03:00 0HN8JACF35ECM:0000000B [INF] Request finished HTTP/2 GET https://localhost:7070/api/BFA/GetHashesAll - - - 200 253 application/json;+charset=utf-8 220839.1049ms (791a596a)
2024-12-03T01:35:34.1298126-03:00 0HN8JACF35ECM:0000000D [INF] Request starting HTTP/2 GET https://localhost:7070/api/BFA/GetHashBFA?hash=23967861110316013896027189748031688510540687032131031719076250008462723943198 - - (ca22a1cb)
2024-12-03T01:35:34.1299864-03:00 0HN8JACF35ECM:0000000D [INF] Executing endpoint '"BFASenado.Controllers.BFAController.GetHashBFA (BFASenado)"' (500cc934)
2024-12-03T01:35:34.1415931-03:00 0HN8JACF35ECM:0000000D [INF] Route matched with "{action = \"GetHashBFA\", controller = \"BFA\"}". Executing controller action with signature "System.Threading.Tasks.Task`1[Microsoft.AspNetCore.Mvc.ActionResult`1[BFASenado.DTO.ResponseDTO.GetHashDTO]] GetHashBFA(System.String)" on controller "BFASenado.Controllers.BFAController" ("BFASenado"). (122b2fdf)
2024-12-03T01:35:34.2280714-03:00 0HN8JACF35ECM:0000000D [ERR] LogDTO { Fecha: 12/03/2024 01:35:34, Endpoint: "/api/BFA/GetHashBFA", MetodoHttp: "GET", DatosRecibidos: "23967861110316013896027189748031688510540687032131031719076250008462723943198", Mensaje: "Error al obtener el hash", Detalles: "An error occurred encoding abi value. Order: '1', Type: 'uint256', Value: '72493576648862285505564293865337808624201418173955979620182521239962939182008042629922828696'.  Ensure the value is valid for the abi type." } (60b9aab8)
2024-12-03T01:35:34.2282271-03:00 0HN8JACF35ECM:0000000D [INF] Executing "ObjectResult", writing value of type '"System.String"'. (605b4265)
2024-12-03T01:35:34.2283881-03:00 0HN8JACF35ECM:0000000D [INF] Executed action "BFASenado.Controllers.BFAController.GetHashBFA (BFASenado)" in 86.7476ms (afa2e885)
2024-12-03T01:35:34.2284124-03:00 0HN8JACF35ECM:0000000D [INF] Executed endpoint '"BFASenado.Controllers.BFAController.GetHashBFA (BFASenado)"' (99874f2b)
2024-12-03T01:35:34.2284875-03:00 0HN8JACF35ECM:0000000D [INF] Request finished HTTP/2 GET https://localhost:7070/api/BFA/GetHashBFA?hash=23967861110316013896027189748031688510540687032131031719076250008462723943198 - - - 500 - text/plain;+charset=utf-8 98.6866ms (791a596a)
2024-12-03T01:36:55.8924463-03:00 0HN8JACF35ECM:0000000F [INF] Request starting HTTP/2 GET https://localhost:7070/api/BFA/GetHashBFA?hash=34fd54227df7a6291c1aa6a6615f927914cd40992ef90652a3faf74077908b1e - - (ca22a1cb)
2024-12-03T01:36:55.8945218-03:00 0HN8JACF35ECM:0000000F [INF] Executing endpoint '"BFASenado.Controllers.BFAController.GetHashBFA (BFASenado)"' (500cc934)
2024-12-03T01:36:55.8953949-03:00 0HN8JACF35ECM:0000000F [INF] Route matched with "{action = \"GetHashBFA\", controller = \"BFA\"}". Executing controller action with signature "System.Threading.Tasks.Task`1[Microsoft.AspNetCore.Mvc.ActionResult`1[BFASenado.DTO.ResponseDTO.GetHashDTO]] GetHashBFA(System.String)" on controller "BFASenado.Controllers.BFAController" ("BFASenado"). (122b2fdf)
2024-12-03T01:36:55.9602355-03:00 0HN8JACF35ECM:0000000F [INF] LogDTO { Fecha: 12/03/2024 01:36:55, Endpoint: "/api/BFA/GetHashBFA", MetodoHttp: "GET", DatosRecibidos: "34fd54227df7a6291c1aa6a6615f927914cd40992ef90652a3faf74077908b1e", Mensaje: "Hash obtenido correctamente", Detalles: null } (60b9aab8)
2024-12-03T01:36:55.9604800-03:00 0HN8JACF35ECM:0000000F [INF] Executing "OkObjectResult", writing value of type '"BFASenado.DTO.ResponseDTO.GetHashDTO"'. (605b4265)
2024-12-03T01:36:55.9607980-03:00 0HN8JACF35ECM:0000000F [INF] Executed action "BFASenado.Controllers.BFAController.GetHashBFA (BFASenado)" in 65.32ms (afa2e885)
2024-12-03T01:36:55.9608482-03:00 0HN8JACF35ECM:0000000F [INF] Executed endpoint '"BFASenado.Controllers.BFAController.GetHashBFA (BFASenado)"' (99874f2b)
2024-12-03T01:36:55.9611621-03:00 0HN8JACF35ECM:0000000F [INF] Request finished HTTP/2 GET https://localhost:7070/api/BFA/GetHashBFA?hash=34fd54227df7a6291c1aa6a6615f927914cd40992ef90652a3faf74077908b1e - - - 200 251 application/json;+charset=utf-8 68.6242ms (791a596a)
2024-12-03T01:37:53.7784360-03:00 0HN8JACF35ECM:00000011 [INF] Request starting HTTP/2 GET https://localhost:7070/api/BFA/GetHashBFA?hash=34fd54227df7a6291c1aa6a6615f927914cd40992ef90652a3faf74077908b1e - - (ca22a1cb)
2024-12-03T01:37:53.7785854-03:00 0HN8JACF35ECM:00000011 [INF] Executing endpoint '"BFASenado.Controllers.BFAController.GetHashBFA (BFASenado)"' (500cc934)
2024-12-03T01:37:53.7807386-03:00 0HN8JACF35ECM:00000011 [INF] Route matched with "{action = \"GetHashBFA\", controller = \"BFA\"}". Executing controller action with signature "System.Threading.Tasks.Task`1[Microsoft.AspNetCore.Mvc.ActionResult`1[BFASenado.DTO.ResponseDTO.GetHashDTO]] GetHashBFA(System.String)" on controller "BFASenado.Controllers.BFAController" ("BFASenado"). (122b2fdf)
2024-12-03T01:37:53.8157578-03:00 0HN8JACF35ECM:00000011 [INF] LogDTO { Fecha: 12/03/2024 01:37:53, Endpoint: "/api/BFA/GetHashBFA", MetodoHttp: "GET", DatosRecibidos: "34fd54227df7a6291c1aa6a6615f927914cd40992ef90652a3faf74077908b1e", Mensaje: "Hash obtenido correctamente", Detalles: null } (60b9aab8)
2024-12-03T01:37:53.8158632-03:00 0HN8JACF35ECM:00000011 [INF] Executing "OkObjectResult", writing value of type '"BFASenado.DTO.ResponseDTO.GetHashDTO"'. (605b4265)
2024-12-03T01:37:53.8160261-03:00 0HN8JACF35ECM:00000011 [INF] Executed action "BFASenado.Controllers.BFAController.GetHashBFA (BFASenado)" in 35.2517ms (afa2e885)
2024-12-03T01:37:53.8160607-03:00 0HN8JACF35ECM:00000011 [INF] Executed endpoint '"BFASenado.Controllers.BFAController.GetHashBFA (BFASenado)"' (99874f2b)
2024-12-03T01:37:53.8162317-03:00 0HN8JACF35ECM:00000011 [INF] Request finished HTTP/2 GET https://localhost:7070/api/BFA/GetHashBFA?hash=34fd54227df7a6291c1aa6a6615f927914cd40992ef90652a3faf74077908b1e - - - 200 251 application/json;+charset=utf-8 37.9393ms (791a596a)
2024-12-03T01:38:06.1963978-03:00 0HN8JACF35ECM:00000013 [INF] Request starting HTTP/2 GET https://localhost:7070/api/BFA/GetHashBaseDatos?hash=34fd54227df7a6291c1aa6a6615f927914cd40992ef90652a3faf74077908b1e - - (ca22a1cb)
2024-12-03T01:38:06.1965688-03:00 0HN8JACF35ECM:00000013 [INF] Executing endpoint '"BFASenado.Controllers.BFAController.GetHashBaseDatos (BFASenado)"' (500cc934)
2024-12-03T01:38:06.2010628-03:00 0HN8JACF35ECM:00000013 [INF] Route matched with "{action = \"GetHashBaseDatos\", controller = \"BFA\"}". Executing controller action with signature "System.Threading.Tasks.Task`1[Microsoft.AspNetCore.Mvc.ActionResult`1[BFASenado.Models.TransaccionBFA]] GetHashBaseDatos(System.String)" on controller "BFASenado.Controllers.BFAController" ("BFASenado"). (122b2fdf)
2024-12-03T01:38:07.6346511-03:00 0HN8JACF35ECM:00000013 [INF] Executed DbCommand ("78"ms) [Parameters=["@__hashSHA256_0='?' (Size = 100)"], CommandType='Text', CommandTimeout='30']"
""SELECT TOP(1) [t].[Id], [t].[Base64], [t].[Detalles], [t].[FechaAltaBFA], [t].[FechaAltaTabla], [t].[HashHexa], [t].[HashSHA256], [t].[IdTabla], [t].[NombreTabla], [t].[SnAltaBFA], [t].[TipoDocumento]
FROM [TransaccionBFA] AS [t]
WHERE [t].[HashSHA256] = @__hashSHA256_0" (0723d8ff)
2024-12-03T01:38:07.7713520-03:00 0HN8JACF35ECM:00000013 [INF] LogDTO { Fecha: 12/03/2024 01:38:07, Endpoint: "/api/BFA/GetHashBaseDatos", MetodoHttp: "GET", DatosRecibidos: "34fd54227df7a6291c1aa6a6615f927914cd40992ef90652a3faf74077908b1e", Mensaje: "Hash obtenido correctamente", Detalles: null } (60b9aab8)
2024-12-03T01:38:07.7714761-03:00 0HN8JACF35ECM:00000013 [INF] Executing "OkObjectResult", writing value of type '"BFASenado.Models.TransaccionBFA"'. (605b4265)
2024-12-03T01:38:07.8074609-03:00 0HN8JACF35ECM:00000013 [INF] Executed action "BFASenado.Controllers.BFAController.GetHashBaseDatos (BFASenado)" in 1606.3252ms (afa2e885)
2024-12-03T01:38:07.8075014-03:00 0HN8JACF35ECM:00000013 [INF] Executed endpoint '"BFASenado.Controllers.BFAController.GetHashBaseDatos (BFASenado)"' (99874f2b)
2024-12-03T01:38:07.8179216-03:00 0HN8JACF35ECM:00000013 [INF] Request finished HTTP/2 GET https://localhost:7070/api/BFA/GetHashBaseDatos?hash=34fd54227df7a6291c1aa6a6615f927914cd40992ef90652a3faf74077908b1e - - - 200 231584 application/json;+charset=utf-8 1621.5228ms (791a596a)
2024-12-03T01:43:29.4401872-03:00 0HN8JACF35ECM:00000015 [INF] Request starting HTTP/2 GET https://localhost:7070/api/BFA/GetHashesAll - - (ca22a1cb)
2024-12-03T01:43:29.4421162-03:00 0HN8JACF35ECM:00000015 [INF] Executing endpoint '"BFASenado.Controllers.BFAController.GetHashesAll (BFASenado)"' (500cc934)
2024-12-03T01:43:29.4422643-03:00 0HN8JACF35ECM:00000015 [INF] Route matched with "{action = \"GetHashesAll\", controller = \"BFA\"}". Executing controller action with signature "System.Threading.Tasks.Task`1[Microsoft.AspNetCore.Mvc.ActionResult`1[System.Collections.Generic.List`1[BFASenado.DTO.ResponseDTO.GetHashDTO]]] GetHashesAll()" on controller "BFASenado.Controllers.BFAController" ("BFASenado"). (122b2fdf)
