2024-11-27T23:47:07.6855074-03:00  [INF] Now listening on: "https://localhost:7070" (d826f4b8)
2024-11-27T23:47:07.6944312-03:00  [INF] Now listening on: "http://localhost:5232" (d826f4b8)
2024-11-27T23:47:07.7210946-03:00  [INF] Application started. Press Ctrl+C to shut down. (dcaefe54)
2024-11-27T23:47:07.7258980-03:00  [INF] Hosting environment: "Development" (c3307c92)
2024-11-27T23:47:07.7291246-03:00  [INF] Content root path: "C:\1. Archivos\PROYECTOS\BFAV2\BFA-API\" (b5d60022)
2024-11-27T23:47:08.5862732-03:00 0HN8FARPKDUQM:00000001 [INF] Request starting HTTP/2 GET https://localhost:7070/swagger/index.html - - (ca22a1cb)
2024-11-27T23:47:09.3712623-03:00 0HN8FARPKDUQM:00000001 [INF] Request finished HTTP/2 GET https://localhost:7070/swagger/index.html - - - 200 - text/html;charset=utf-8 792.2219ms (791a596a)
2024-11-27T23:47:09.4021532-03:00 0HN8FARPKDUQM:00000003 [INF] Request starting HTTP/2 GET https://localhost:7070/_framework/aspnetcore-browser-refresh.js - - (ca22a1cb)
2024-11-27T23:47:09.4075183-03:00 0HN8FARPKDUQM:00000003 [INF] Request finished HTTP/2 GET https://localhost:7070/_framework/aspnetcore-browser-refresh.js - - - 200 11988 application/javascript;+charset=utf-8 5.3542ms (791a596a)
2024-11-27T23:47:09.7434402-03:00 0HN8FARPKDUQM:00000005 [INF] Request starting HTTP/2 GET https://localhost:7070/_vs/browserLink - - (ca22a1cb)
2024-11-27T23:47:09.8352111-03:00 0HN8FARPKDUQM:00000005 [INF] Request finished HTTP/2 GET https://localhost:7070/_vs/browserLink - - - 200 - text/javascript;+charset=UTF-8 91.7391ms (791a596a)
2024-11-27T23:48:14.1817791-03:00  [INF] Now listening on: "https://localhost:7070" (d826f4b8)
2024-11-27T23:48:14.1891769-03:00  [INF] Now listening on: "http://localhost:5232" (d826f4b8)
2024-11-27T23:48:14.2177528-03:00  [INF] Application started. Press Ctrl+C to shut down. (dcaefe54)
2024-11-27T23:48:14.2323053-03:00  [INF] Hosting environment: "Development" (c3307c92)
2024-11-27T23:48:14.2354278-03:00  [INF] Content root path: "C:\1. Archivos\PROYECTOS\BFAV2\BFA-API\" (b5d60022)
2024-11-27T23:48:14.9763756-03:00 0HN8FASDFP9S0:00000001 [INF] Request starting HTTP/2 GET https://localhost:7070/swagger/index.html - - (ca22a1cb)
2024-11-27T23:48:15.5785545-03:00 0HN8FASDFP9S0:00000001 [INF] Request finished HTTP/2 GET https://localhost:7070/swagger/index.html - - - 200 - text/html;charset=utf-8 610.0068ms (791a596a)
2024-11-27T23:48:15.6015457-03:00 0HN8FASDFP9S0:00000003 [INF] Request starting HTTP/2 GET https://localhost:7070/_framework/aspnetcore-browser-refresh.js - - (ca22a1cb)
2024-11-27T23:48:15.6076315-03:00 0HN8FASDFP9S0:00000003 [INF] Request finished HTTP/2 GET https://localhost:7070/_framework/aspnetcore-browser-refresh.js - - - 200 11988 application/javascript;+charset=utf-8 6.0532ms (791a596a)
2024-11-27T23:48:15.9626951-03:00 0HN8FASDFP9S0:00000005 [INF] Request starting HTTP/2 GET https://localhost:7070/_vs/browserLink - - (ca22a1cb)
2024-11-27T23:48:16.0121951-03:00 0HN8FASDFP9S0:00000005 [INF] Request finished HTTP/2 GET https://localhost:7070/_vs/browserLink - - - 200 - text/javascript;+charset=UTF-8 49.6601ms (791a596a)
2024-11-27T23:48:16.0694901-03:00 0HN8FASDFP9S0:00000007 [INF] Request starting HTTP/2 GET https://localhost:7070/swagger/v1/swagger.json - - (ca22a1cb)
2024-11-27T23:48:16.3497877-03:00 0HN8FASDFP9S0:00000007 [INF] Request finished HTTP/2 GET https://localhost:7070/swagger/v1/swagger.json - - - 200 - application/json;charset=utf-8 280.3362ms (791a596a)
2024-11-27T23:48:30.8983746-03:00 0HN8FASDFP9S0:00000009 [INF] Request starting HTTP/2 POST https://localhost:7070/api/BFA/ArchivoData multipart/form-data;+boundary=----WebKitFormBoundaryjF2hfy04M13k6LZS 419231 (ca22a1cb)
2024-11-27T23:48:31.1149896-03:00 0HN8FASDFP9S0:00000009 [INF] Executing endpoint '"BFASenado.Controllers.BFAController.ArchivoData (BFASenado)"' (500cc934)
2024-11-27T23:48:31.2272013-03:00 0HN8FASDFP9S0:00000009 [INF] Route matched with "{action = \"ArchivoData\", controller = \"BFA\"}". Executing controller action with signature "System.Threading.Tasks.Task`1[Microsoft.AspNetCore.Mvc.ActionResult`1[BFASenado.DTO.FileDTO.FileDTO]] ArchivoData(Microsoft.AspNetCore.Http.IFormFile)" on controller "BFASenado.Controllers.BFAController" ("BFASenado"). (122b2fdf)
2024-11-27T23:48:32.5104217-03:00 0HN8FASDFP9S0:00000009 [INF] LogDTO { Fecha: 11/27/2024 23:48:32, Endpoint: "/api/BFA/ArchivoData", MetodoHttp: "POST", DatosRecibidos: null, Mensaje: "Hash SHA256 obtenido correctamente", Detalles: null } (60b9aab8)
2024-11-27T23:48:32.5451328-03:00 0HN8FASDFP9S0:00000009 [INF] Executing "OkObjectResult", writing value of type '"BFASenado.DTO.FileDTO.FileDTO"'. (605b4265)
2024-11-27T23:48:33.0299978-03:00 0HN8FASDFP9S0:00000009 [INF] Executed action "BFASenado.Controllers.BFAController.ArchivoData (BFASenado)" in 1787.7387ms (afa2e885)
2024-11-27T23:48:33.0323694-03:00 0HN8FASDFP9S0:00000009 [INF] Executed endpoint '"BFASenado.Controllers.BFAController.ArchivoData (BFASenado)"' (99874f2b)
2024-11-27T23:48:33.0479708-03:00 0HN8FASDFP9S0:00000009 [INF] Request finished HTTP/2 POST https://localhost:7070/api/BFA/ArchivoData multipart/form-data;+boundary=----WebKitFormBoundaryjF2hfy04M13k6LZS 419231 - 200 558757 application/json;+charset=utf-8 2149.4358ms (791a596a)
2024-11-27T23:49:13.7978836-03:00 0HN8FASDFP9S0:0000000B [INF] Request starting HTTP/2 POST https://localhost:7070/api/BFA/SHA256ByBase64 application/json-patch+json 558682 (ca22a1cb)
2024-11-27T23:49:13.8558733-03:00 0HN8FASDFP9S0:0000000B [INF] Executing endpoint '"BFASenado.Controllers.BFAController.SHA256ByBase64 (BFASenado)"' (500cc934)
2024-11-27T23:49:13.8651999-03:00 0HN8FASDFP9S0:0000000B [INF] Route matched with "{action = \"SHA256ByBase64\", controller = \"BFA\"}". Executing controller action with signature "System.Threading.Tasks.Task`1[Microsoft.AspNetCore.Mvc.ActionResult`1[System.String]] SHA256ByBase64(BFASenado.DTO.FileDTO.Base64InputDTO)" on controller "BFASenado.Controllers.BFAController" ("BFASenado"). (122b2fdf)
2024-11-27T23:49:14.1480161-03:00 0HN8FASDFP9S0:0000000B [INF] LogDTO { Fecha: 11/27/2024 23:49:14, Endpoint: "/api/BFA/SHA256ByBase64", MetodoHttp: "POST", DatosRecibidos: null, Mensaje: "Hash SHA256 obtenido correctamente", Detalles: null } (60b9aab8)
2024-11-27T23:49:14.1485349-03:00 0HN8FASDFP9S0:0000000B [INF] Executing "OkObjectResult", writing value of type '"System.String"'. (605b4265)
2024-11-27T23:49:14.1490461-03:00 0HN8FASDFP9S0:0000000B [INF] Executed action "BFASenado.Controllers.BFAController.SHA256ByBase64 (BFASenado)" in 283.5811ms (afa2e885)
2024-11-27T23:49:14.1492070-03:00 0HN8FASDFP9S0:0000000B [INF] Executed endpoint '"BFASenado.Controllers.BFAController.SHA256ByBase64 (BFASenado)"' (99874f2b)
2024-11-27T23:49:14.1512463-03:00 0HN8FASDFP9S0:0000000B [INF] Request finished HTTP/2 POST https://localhost:7070/api/BFA/SHA256ByBase64 application/json-patch+json 558682 - 200 - text/plain;+charset=utf-8 361.1872ms (791a596a)
2024-11-27T23:52:49.4606550-03:00 0HN8FASDFP9S0:0000000D [INF] Request starting HTTP/2 GET https://localhost:7070/api/BFA/Balance - - (ca22a1cb)
2024-11-27T23:52:49.4672535-03:00 0HN8FASDFP9S0:0000000D [INF] Executing endpoint '"BFASenado.Controllers.BFAController.Balance (BFASenado)"' (500cc934)
2024-11-27T23:52:49.4951851-03:00 0HN8FASDFP9S0:0000000D [INF] Route matched with "{action = \"Balance\", controller = \"BFA\"}". Executing controller action with signature "System.Threading.Tasks.Task`1[Microsoft.AspNetCore.Mvc.ActionResult`1[System.Decimal]] Balance()" on controller "BFASenado.Controllers.BFAController" ("BFASenado"). (122b2fdf)
2024-11-27T23:54:21.3351229-03:00 0HN8FASDFP9S0:0000000D [INF] LogDTO { Fecha: 11/27/2024 23:54:21, Endpoint: "/api/BFA/Balance", MetodoHttp: "GET", DatosRecibidos: null, Mensaje: "Balance/gas de la cuenta obtenido correctamente", Detalles: null } (60b9aab8)
2024-11-27T23:54:21.3392181-03:00 0HN8FASDFP9S0:0000000D [INF] Executing "OkObjectResult", writing value of type '"System.Decimal"'. (605b4265)
2024-11-27T23:54:21.3419319-03:00 0HN8FASDFP9S0:0000000D [INF] Executed action "BFASenado.Controllers.BFAController.Balance (BFASenado)" in 91846.5411ms (afa2e885)
2024-11-27T23:54:21.3420057-03:00 0HN8FASDFP9S0:0000000D [INF] Executed endpoint '"BFASenado.Controllers.BFAController.Balance (BFASenado)"' (99874f2b)
2024-11-27T23:54:21.3421877-03:00 0HN8FASDFP9S0:0000000D [INF] Request finished HTTP/2 GET https://localhost:7070/api/BFA/Balance - - - 200 11 application/json;+charset=utf-8 91881.7298ms (791a596a)
2024-11-27T23:54:23.6304739-03:00 0HN8FASDFP9S0:0000000F [INF] Request starting HTTP/2 GET https://localhost:7070/api/BFA/Balance - - (ca22a1cb)
2024-11-27T23:54:23.6307402-03:00 0HN8FASDFP9S0:0000000F [INF] Executing endpoint '"BFASenado.Controllers.BFAController.Balance (BFASenado)"' (500cc934)
2024-11-27T23:54:23.6310091-03:00 0HN8FASDFP9S0:0000000F [INF] Route matched with "{action = \"Balance\", controller = \"BFA\"}". Executing controller action with signature "System.Threading.Tasks.Task`1[Microsoft.AspNetCore.Mvc.ActionResult`1[System.Decimal]] Balance()" on controller "BFASenado.Controllers.BFAController" ("BFASenado"). (122b2fdf)
2024-11-27T23:56:22.8308364-03:00 0HN8FASDFP9S0:0000000F [INF] LogDTO { Fecha: 11/27/2024 23:56:22, Endpoint: "/api/BFA/Balance", MetodoHttp: "GET", DatosRecibidos: null, Mensaje: "Balance/gas de la cuenta obtenido correctamente", Detalles: null } (60b9aab8)
2024-11-27T23:56:22.8314063-03:00 0HN8FASDFP9S0:0000000F [INF] Executing "OkObjectResult", writing value of type '"System.Decimal"'. (605b4265)
2024-11-27T23:56:22.8319568-03:00 0HN8FASDFP9S0:0000000F [INF] Executed action "BFASenado.Controllers.BFAController.Balance (BFASenado)" in 119200.8227ms (afa2e885)
2024-11-27T23:56:22.8320718-03:00 0HN8FASDFP9S0:0000000F [INF] Executed endpoint '"BFASenado.Controllers.BFAController.Balance (BFASenado)"' (99874f2b)
2024-11-27T23:56:22.8325787-03:00 0HN8FASDFP9S0:0000000F [INF] Request finished HTTP/2 GET https://localhost:7070/api/BFA/Balance - - - 200 11 application/json;+charset=utf-8 119201.9867ms (791a596a)
